"../../../Engine/Content/EditorBlueprintResources/StandardMacros.uasset" 0
"../../../../MyProject/Content/FirstPerson/Character/Mesh/SK_Mannequin_Arms_Skeleton.uasset" 1
"../../../../MyProject/Content/FirstPerson/Animations/FirstPerson_Idle.uasset" 2
"../../../../MyProject/Content/FirstPerson/Animations/FirstPerson_JumpEnd.uasset" 3
"../../../../MyProject/Content/FirstPerson/Animations/FirstPerson_JumpLoop.uasset" 4
"../../../../MyProject/Content/FirstPerson/Animations/FirstPerson_JumpStart.uasset" 5
"../../../../MyProject/Content/FirstPerson/Animations/FirstPerson_Run.uasset" 6
"../../../../MyProject/Content/FirstPerson/Animations/FirstPerson_AnimBP.uasset" 7
"../../../../MyProject/Content/FirstPerson/Character/Mesh/FirstPersonAnimBlueprint_Copy.uasset" 8
"../../../../MyProject/Content/FirstPerson/Character/Textures/UE4_LOGO_CARD.uasset" 9
"../../../../MyProject/Content/FirstPerson/FPWeapon/Materials/MaterialLayers/ML_Plastic_Shiny_Beige_LOGO.uasset" 10
"../../../../MyProject/Content/FirstPerson/FPWeapon/Materials/MaterialLayers/T_ML_FineRubber.uasset" 11
"../../../../MyProject/Content/FirstPerson/FPWeapon/Mesh/SK_FPGun_PhysicsAsset.uasset" 12
"../../../../MyProject/Content/FirstPerson/Meshes/BaseMaterial.uasset" 13
"../../../../MyProject/Content/FirstPerson/Meshes/CubeMaterialOverride.uasset" 14
"../../../../MyProject/Content/FirstPersonBP/FirstPersonOverview.uasset" 15
"../../../../MyProject/Content/FirstPersonBP/Blueprints/Spawned.uasset" 16
"../../../../MyProject/Content/StarterContent/Textures/T_Fire_Tiled_D.uasset" 17
"../../../../MyProject/Content/StarterContent/Textures/T_Fire_SubUV.uasset" 18
"../../../../MyProject/Content/StarterContent/Particles/Materials/M_Fire_SubUV.uasset" 19
"../../../../MyProject/Content/StarterContent/Textures/T_Smoke_Tiled_D.uasset" 20
"../../../../MyProject/Content/StarterContent/Textures/T_Smoke_SubUV.uasset" 21
"../../../../MyProject/Content/StarterContent/Particles/Materials/M_smoke_subUV.uasset" 22
"../../../../MyProject/Content/StarterContent/Textures/T_Water_N.uasset" 23
"../../../../MyProject/Content/StarterContent/Particles/Materials/M_Heat_Distortion.uasset" 24
"../../../Engine/Content/Functions/Engine_MaterialFunctions01/Gradient/RadialGradient.uasset" 25
"../../../../MyProject/Content/StarterContent/Particles/Materials/M_Radial_Gradient.uasset" 26
"../../../../MyProject/Content/FirstPersonBP/Effects/P_Fire.uasset" 27
"../../../../MyProject/Content/FirstPersonBP/Effects/P_Smoke.uasset" 28
"../../../../MyProject/Content/StarterContent/Textures/T_Spark_Core.uasset" 29
"../../../../MyProject/Content/StarterContent/Particles/Materials/M_Spark.uasset" 30
"../../../../MyProject/Content/FirstPersonBP/Effects/P_Sparks.uasset" 31
"../../../../MyProject/Content/FirstPersonBP/Effects/P_Steam_Lit.uasset" 32
"../../../../MyProject/Content/Geometry/Meshes/CubeMaterial.uasset" 33
"../../../../MyProject/Content/Geometry/Meshes/1M_Cube_Chamfer.uasset" 34
"../../../../MyProject/Content/Geometry/Meshes/TemplateFloor.uasset" 35
"../../../../MyProject/Content/StarterContent/Materials/M_Basic_Wall.uasset" 36
"../../../../MyProject/Content/StarterContent/Architecture/Pillar_50x500.uasset" 37
"../../../../MyProject/Content/StarterContent/Architecture/Wall_400x300.uasset" 38
"../../../../MyProject/Content/StarterContent/Architecture/Wall_400x400.uasset" 39
"../../../../MyProject/Content/StarterContent/Architecture/Wall_500x500.uasset" 40
"../../../../MyProject/Content/StarterContent/Architecture/Wall_Door_400x400.uasset" 41
"../../../../MyProject/Content/StarterContent/Architecture/Wall_Window_400x400.uasset" 42
"../../../../MyProject/Content/StarterContent/Audio/Collapse01.uasset" 43
"../../../../MyProject/Content/StarterContent/Audio/Collapse02.uasset" 44
"../../../../MyProject/Content/StarterContent/Audio/Explosion01.uasset" 45
"../../../../MyProject/Content/StarterContent/Audio/Explosion02.uasset" 46
"../../../../MyProject/Content/StarterContent/Audio/Fire01.uasset" 47
"../../../../MyProject/Content/StarterContent/Audio/Fire_Sparks01.uasset" 48
"../../../../MyProject/Content/StarterContent/Audio/Light01.uasset" 49
"../../../../MyProject/Content/StarterContent/Audio/Light01_Cue.uasset" 50
"../../../../MyProject/Content/StarterContent/Audio/Light02.uasset" 51
"../../../../MyProject/Content/StarterContent/Audio/Light02_Cue.uasset" 52
"../../../../MyProject/Content/StarterContent/Audio/Smoke01.uasset" 53
"../../../../MyProject/Content/StarterContent/Audio/Starter_Birds01.uasset" 54
"../../../../MyProject/Content/StarterContent/Audio/Starter_Music01.uasset" 55
"../../../../MyProject/Content/StarterContent/Audio/Starter_Wind05.uasset" 56
"../../../../MyProject/Content/StarterContent/Audio/Starter_Wind06.uasset" 57
"../../../../MyProject/Content/StarterContent/Audio/Steam01.uasset" 58
"../../../Engine/Content/EditorMeshes/ColorCalibrator/T_ColorGrid.uasset" 59
"../../../../MyProject/Content/StarterContent/Materials/M_ColorGrid_LowSpec.uasset" 60
"../../../../MyProject/Content/StarterContent/Textures/T_Bush_N.uasset" 61
"../../../../MyProject/Content/StarterContent/Textures/T_Bush_D.uasset" 62
"../../../../MyProject/Content/StarterContent/Props/Materials/M_Bush.uasset" 63
"../../../../MyProject/Content/StarterContent/Props/SM_Bush.uasset" 64
"../../../../MyProject/Content/StarterContent/Textures/T_Chair_N.uasset" 65
"../../../../MyProject/Content/StarterContent/Textures/T_Chair_M.uasset" 66
"../../../../MyProject/Content/StarterContent/Props/Materials/M_Chair.uasset" 67
"../../../../MyProject/Content/StarterContent/Props/SM_Couch.uasset" 68
"../../../../MyProject/Content/StarterContent/Textures/T_Door_N.uasset" 69
"../../../../MyProject/Content/StarterContent/Textures/T_Door_M.uasset" 70
"../../../../MyProject/Content/StarterContent/Props/Materials/M_Door.uasset" 71
"../../../../MyProject/Content/StarterContent/Materials/M_Glass.uasset" 72
"../../../../MyProject/Content/StarterContent/Props/SM_Door.uasset" 73
"../../../../MyProject/Content/StarterContent/Props/Materials/M_MaterialSphere_Plain.uasset" 74
"../../../../MyProject/Content/StarterContent/Props/Materials/M_MaterialSphere.uasset" 75
"../../../../MyProject/Content/StarterContent/Props/SM_MatPreviewMesh_02.uasset" 76
"../../../../MyProject/Content/StarterContent/Textures/T_RockMesh_N.uasset" 77
"../../../../MyProject/Content/StarterContent/Textures/T_RockMesh_M.uasset" 78
"../../../../MyProject/Content/StarterContent/Textures/T_Rock_Basalt_D.uasset" 79
"../../../../MyProject/Content/StarterContent/Textures/T_Detail_Rocky_N.uasset" 80
"../../../Engine/Content/Functions/Engine_MaterialFunctions02/Utility/BlendAngleCorrectedNormals.uasset" 81
"../../../../MyProject/Content/StarterContent/Props/Materials/M_Rock.uasset" 82
"../../../../MyProject/Content/StarterContent/Props/SM_Rock.uasset" 83
"../../../../MyProject/Content/StarterContent/Textures/T_Shelf_N.uasset" 84
"../../../../MyProject/Content/StarterContent/Textures/T_Shelf_M.uasset" 85
"../../../../MyProject/Content/StarterContent/Props/Materials/M_Shelf.uasset" 86
"../../../../MyProject/Content/StarterContent/Props/SM_Shelf.uasset" 87
"../../../../MyProject/Content/StarterContent/Materials/M_Basic_Floor.uasset" 88
"../../../../MyProject/Content/StarterContent/Props/SM_Stairs.uasset" 89
"../../../../MyProject/Content/StarterContent/Shapes/Shape_Cone.uasset" 90
"../../../../MyProject/Content/StarterContent/Shapes/Shape_Cylinder.uasset" 91
"../../../../MyProject/Content/StarterContent/Shapes/Shape_NarrowCapsule.uasset" 92
"../../../../MyProject/Content/StarterContent/Shapes/Shape_Pipe.uasset" 93
"../../../../MyProject/Content/StarterContent/Shapes/Shape_Pipe_180.uasset" 94
"../../../../MyProject/Content/StarterContent/Shapes/Shape_Pipe_90.uasset" 95
"../../../../MyProject/Content/StarterContent/Shapes/Shape_Plane.uasset" 96
"../../../../MyProject/Content/StarterContent/Shapes/Shape_Torus.uasset" 97
"../../../../MyProject/Content/StarterContent/Shapes/Shape_Trim.uasset" 98
"../../../../MyProject/Content/StarterContent/Shapes/Shape_Trim_90_In.uasset" 99
"../../../../MyProject/Content/StarterContent/Shapes/Shape_Trim_90_Out.uasset" 100
"../../../../MyProject/Content/StarterContent/Shapes/Shape_TriPyramid.uasset" 101
"../../../../MyProject/Content/StarterContent/Shapes/Shape_Tube.uasset" 102
"../../../../MyProject/Content/StarterContent/Shapes/Shape_Wedge_A.uasset" 103
"../../../../MyProject/Content/StarterContent/Shapes/Shape_Wedge_B.uasset" 104
"../../../../MyProject/Content/StarterContent/Shapes/Shape_WideCapsule.uasset" 105
"../../../Engine/Content/Animation/DefaultAnimBoneCompressionSettings.uasset" 106
"../../../Engine/Content/Animation/DefaultAnimCurveCompressionSettings.uasset" 107
"../../../Engine/Content/EngineMaterials/T_Default_Material_Grid_N.uasset" 108
"../../../Engine/Content/EngineMaterials/T_Default_Material_Grid_M.uasset" 109
"../../../Engine/Content/Functions/Engine_MaterialFunctions01/Opacity/CameraDepthFade.uasset" 110
"../../../Engine/Content/EngineMaterials/WorldGridMaterial.uasset" 111
"../../../Engine/Content/ArtTools/RenderToTexture/Meshes/S_1_Unit_Plane.uasset" 112
"../../../Engine/Content/EngineMaterials/DefaultMaterial.uasset" 113
"../../../Engine/Content/BasicShapes/Cone.uasset" 114
"../../../Engine/Content/BasicShapes/Plane.uasset" 115
"../../../Engine/Content/EditorLandscapeResources/DataLayer.uasset" 116
"../../../Engine/Content/EditorLandscapeResources/DefaultAlphaTexture.uasset" 117
"../../../Engine/Content/EditorMaterials/MAT_Groups_Toggle.uasset" 118
"../../../Engine/Content/EditorMaterials/MAT_Groups_Visibility.uasset" 119
"../../../Engine/Content/EditorMaterials/PreviewShadowIndicator.uasset" 120
"../../../Engine/Content/EditorMaterials/PreviewShadowIndicatorMaterial.uasset" 121
"../../../Engine/Content/EditorMaterials/MatineeGroups/MAT_ColorTrack.uasset" 122
"../../../Engine/Content/EditorMaterials/MatineeGroups/MAT_Groups_Anim.uasset" 123
"../../../Engine/Content/EditorMaterials/MatineeGroups/MAT_Groups_AudioMaster.uasset" 124
"../../../Engine/Content/EditorMaterials/MatineeGroups/MAT_Groups_Director.uasset" 125
"../../../Engine/Content/EditorMaterials/MatineeGroups/MAT_Groups_Event.uasset" 126
"../../../Engine/Content/EditorMaterials/MatineeGroups/MAT_Groups_Fade.uasset" 127
"../../../Engine/Content/EditorMaterials/MatineeGroups/MAT_Groups_Float.uasset" 128
"../../../Engine/Content/EditorMaterials/MatineeGroups/MAT_Groups_Move.uasset" 129
"../../../Engine/Content/EditorMaterials/MatineeGroups/MAT_Groups_Slomo.uasset" 130
"../../../Engine/Content/EditorMaterials/MatineeGroups/MAT_Groups_Sound.uasset" 131
"../../../Engine/Content/EditorMaterials/MatineeGroups/MAT_Groups_Vector.uasset" 132
"../../../Engine/Content/EditorMaterials/ParticleSystems/PSysThumbnail_NoImage.uasset" 133
"../../../Engine/Content/EditorMaterials/ParticleSystems/PSysThumbnail_OOD.uasset" 134
"../../../Engine/Content/EditorMaterials/Camera/CineMat.uasset" 135
"../../../Engine/Content/EditorMaterials/Camera/MI_CineMat_Rig.uasset" 136
"../../../Engine/Content/EditorMeshes/Camera/SM_CraneRig_Arm.uasset" 137
"../../../Engine/Content/EditorMeshes/Camera/SM_CraneRig_Base.uasset" 138
"../../../Engine/Content/EditorMeshes/Camera/SM_CraneRig_Body.uasset" 139
"../../../Engine/Content/EditorMeshes/Camera/SM_CraneRig_Mount.uasset" 140
"../../../Engine/Content/EditorMeshes/Camera/SM_RailRig_Mount.uasset" 141
"../../../Engine/Content/EditorMeshes/Camera/SM_RailRig_Track.uasset" 142
"../../../Engine/Content/EditorResources/BSPVertex.uasset" 143
"../../../Engine/Content/EditorResources/EmptyActor.uasset" 144
"../../../Engine/Content/EditorResources/S_Actor.uasset" 145
"../../../Engine/Content/EditorResources/S_Note.uasset" 146
"../../../Engine/Content/EditorResources/S_Solver.uasset" 147
"../../../Engine/Content/EditorResources/S_Terrain.uasset" 148
"../../../Engine/Content/EditorResources/S_Trigger.uasset" 149
"../../../Engine/Content/EditorResources/AudioIcons/S_AudioComponent.uasset" 150
"../../../Engine/Content/EditorResources/AudioIcons/S_AudioComponent_AutoActivate.uasset" 151
"../../../Engine/Content/EditorResources/LightIcons/S_LightError.uasset" 152
"../../../Engine/Content/EditorResources/SequenceRecorder/Countdown.uasset" 153
"../../../Engine/Content/EditorResources/SequenceRecorder/RecordingIndicator.uasset" 154
"../../../Engine/Content/EngineDamageTypes/DmgTypeBP_Environmental.uasset" 155
"../../../Engine/Content/EngineDebugMaterials/DebugEditorMaterial.uasset" 156
"../../../Engine/Content/EngineDebugMaterials/DebugMeshMaterial.uasset" 157
"../../../Engine/Content/EngineDebugMaterials/M_SimpleUnlitTranslucent.uasset" 158
"../../../Engine/Content/EngineDebugMaterials/VolumeToRender.uasset" 159
"../../../Engine/Content/Functions/Engine_MaterialFunctions02/Utility/CameraDirectionVector.uasset" 160
"../../../Engine/Content/EngineDebugMaterials/M_VolumeRenderSphereTracePP.uasset" 161
"../../../Engine/Content/Functions/Engine_MaterialFunctions01/Shading/ConvertFromDiffSpec.uasset" 162
"../../../Engine/Content/EngineDebugMaterials/VertexColorMaterial.uasset" 163
"../../../Engine/Content/EngineDebugMaterials/WireframeMaterial.uasset" 164
"../../../Engine/Content/EngineFonts/Faces/RobotoRegular.uasset" 165
"../../../Engine/Content/EngineFonts/Faces/RobotoLight.uasset" 166
"../../../Engine/Content/EngineFonts/Faces/RobotoItalic.uasset" 167
"../../../Engine/Content/EngineFonts/Faces/RobotoBoldItalic.uasset" 168
"../../../Engine/Content/EngineFonts/Faces/RobotoBold.uasset" 169
"../../../Engine/Content/EngineFonts/Faces/DroidSansFallback.uasset" 170
"../../../Engine/Content/EngineFonts/Roboto.uasset" 171
"../../../Engine/Content/EngineMaterials/BaseFlattenNormalMap.uasset" 172
"../../../Engine/Content/EngineMaterials/BaseFlattenGrayscaleMap.uasset" 173
"../../../Engine/Content/EngineMaterials/BaseFlattenEmissiveMap.uasset" 174
"../../../Engine/Content/EngineMaterials/BaseFlattenDiffuseMap.uasset" 175
"../../../Engine/Content/EngineMaterials/BaseFlattenMaterial.uasset" 176
"../../../Engine/Content/EngineMaterials/BlueNoise.uasset" 177
"../../../Engine/Content/EngineMaterials/DefaultBloomKernel.uasset" 178
"../../../Engine/Content/EngineMaterials/DefaultBokeh.uasset" 179
"../../../Engine/Content/EngineMaterials/DefaultDiffuse.uasset" 180
"../../../Engine/Content/EngineMaterials/DefaultDeferredDecalMaterial.uasset" 181
"../../../Engine/Content/EngineMaterials/DefaultLightFunctionMaterial.uasset" 182
"../../../Engine/Content/EngineMaterials/DefaultPhysicalMaterial.uasset" 183
"../../../Engine/Content/Functions/Engine_MaterialFunctions02/Utility/BreakOutFloat2Components.uasset" 184
"../../../Engine/Content/EngineMaterials/DefaultPostProcessMaterial.uasset" 185
"../../../Engine/Content/EngineFonts/RobotoDistanceField.uasset" 186
"../../../Engine/Content/EngineMaterials/DefaultTextMaterialOpaque.uasset" 187
"../../../Engine/Content/EngineMaterials/DefaultWhiteGrid.uasset" 188
"../../../Engine/Content/EngineMaterials/DefaultWhiteGrid_Low.uasset" 189
"../../../Engine/Content/EngineMaterials/EmissiveMeshMaterial.uasset" 190
"../../../Engine/Content/EngineMaterials/GizmoMaterial.uasset" 191
"../../../Engine/Content/EngineMaterials/Good64x64TilingNoiseHighFreq.uasset" 192
"../../../Engine/Content/EngineMaterials/MiniFont.uasset" 193
"../../../Engine/Content/EngineMaterials/InvalidLightmapSettings.uasset" 194
"../../../Engine/Content/EngineMaterials/M_InvalidLightmapSettings.uasset" 195
"../../../Engine/Content/Functions/Engine_MaterialFunctions02/WorldPositionOffset/CameraOffset.uasset" 196
"../../../Engine/Content/EngineMaterials/PhAT_JointLimitMaterial.uasset" 197
"../../../Engine/Content/EngineMaterials/PreintegratedSkinBRDF.uasset" 198
"../../../Engine/Content/EngineMaterials/RemoveSurfaceMaterial.uasset" 199
"../../../Engine/Content/EngineMaterials/WeightMapPlaceholderTexture.uasset" 200
"../../../Engine/Content/EngineResources/WhiteSquareTexture.uasset" 201
"../../../Engine/Content/EngineMaterials/Widget3DPassThrough.uasset" 202
"../../../Engine/Content/EngineMaterials/Widget3DPassThrough_Masked.uasset" 203
"../../../Engine/Content/EngineMaterials/Widget3DPassThrough_Opaque.uasset" 204
"../../../Engine/Content/EngineMaterials/Widget3DPassThrough_Masked_OneSided.uasset" 205
"../../../Engine/Content/EngineMaterials/Widget3DPassThrough_Opaque_OneSided.uasset" 206
"../../../Engine/Content/EngineMaterials/Widget3DPassThrough_Translucent.uasset" 207
"../../../Engine/Content/EngineMaterials/Widget3DPassThrough_Translucent_OneSided.uasset" 208
"../../../Engine/Content/EngineMeshes/Cylinder.uasset" 209
"../../../Engine/Content/EngineMeshes/Sphere.uasset" 210
"../../../Engine/Content/EngineResources/Black.uasset" 211
"../../../Engine/Content/EngineResources/DefaultTextureCube.uasset" 212
"../../../Engine/Content/EngineResources/DefaultVolumeTexture2D.uasset" 213
"../../../Engine/Content/EngineResources/DefaultVolumeTexture.uasset" 214
"../../../Engine/Content/EngineResources/GradientTexture0.uasset" 215
"../../../Engine/Content/EngineSky/VolumetricClouds/T_NoiseShape64.uasset" 216
"../../../Engine/Content/EngineSky/VolumetricClouds/T_VolumeNoiseShape64.uasset" 217
"../../../Engine/Content/EngineSky/VolumetricClouds/T_NoiseErosion.uasset" 218
"../../../Engine/Content/EngineSky/VolumetricClouds/T_VolumeNoiseErosion32.uasset" 219
"../../../Engine/Content/EngineSky/VolumetricClouds/CloudWeatherTexture.uasset" 220
"../../../Engine/Content/EngineSky/VolumetricClouds/CloudGradientTexture.uasset" 221
"../../../Engine/Content/Functions/Engine_MaterialFunctions02/Utility/MakeFloat2.uasset" 222
"../../../Engine/Content/EngineSky/VolumetricClouds/m_SimpleVolumetricCloud.uasset" 223
"../../../Engine/Content/EngineSky/VolumetricClouds/m_SimpleVolumetricCloud_Inst.uasset" 224
"../../../Engine/Content/EngineSounds/Master.uasset" 225
"../../../Engine/Content/Functions/Engine_MaterialFunctions01/Shading/PowerToRoughness.uasset" 226
"../../../Engine/Content/Maps/Templates/Thumbnails/Default.uasset" 227
"../../../Engine/Content/Maps/Templates/Thumbnails/TimeOfDay.uasset" 228
"../../../Engine/Content/Maps/Templates/Thumbnails/VR-Basic.uasset" 229
"../../../Engine/Content/MobileResources/T_MobileControls_texture.uasset" 230
"../../../Engine/Content/MobileResources/T_MobileMenu2.uasset" 231
"../../../Engine/Content/MobileResources/HUD/AnalogHat.uasset" 232
"../../../Engine/Content/MobileResources/HUD/VirtualJoystick_Thumb.uasset" 233
"../../../Engine/Content/MobileResources/HUD/VirtualJoystick_Background.uasset" 234
"../../../Engine/Content/MobileResources/HUD/DefaultVirtualJoysticks.uasset" 235
"../../../Engine/Content/MobileResources/HUD/LeftVirtualJoystickOnly.uasset" 236
"../../../Engine/Content/MobileResources/HUD/MobileHUDButton1_off.uasset" 237
"../../../Engine/Content/MobileResources/HUD/MobileHUDButton1_on.uasset" 238
"../../../Engine/Content/MobileResources/HUD/MobileHUDButton2_off.uasset" 239
"../../../Engine/Content/MobileResources/HUD/MobileHUDButton2_on.uasset" 240
"../../../Engine/Content/MobileResources/HUD/MobileHUDButton3.uasset" 241
"../../../Engine/Content/MobileResources/HUD/MobileHUDButtonFire.uasset" 242
"../../../Engine/Content/MobileResources/HUD/MobileHUDDirectionPad.uasset" 243
"../../../Engine/Content/MobileResources/HUD/MobileHUDDirectionPad2.uasset" 244
"../../../Engine/Content/MobileResources/HUD/MobileHUDDirectionPad3.uasset" 245
"../../../Engine/Content/MobileResources/HUD/MobileHUDDirectionStick.uasset" 246
"../../../Engine/Content/MobileResources/HUD/T_Castle_ThumbstickInner.uasset" 247
"../../../Engine/Content/MobileResources/HUD/T_Castle_ThumbstickOutter.uasset" 248
"../../../Engine/Content/Tutorial/ContentIntroCurve.uasset" 249
"../../../Engine/Content/Tutorial/Basics/LevelEditorAttract.uasset" 250
"../../../Engine/Content/Tutorial/Basics/TutorialAssets/icon_tab_Levels_40x.uasset" 251
"../../../Engine/Content/Tutorial/Basics/LevelEditorOverview.uasset" 252
"../../../Engine/Content/Tutorial/BlueprintTutorials/TutorialAssets/Blueprint_64x.uasset" 253
"../../../Engine/Content/Tutorial/BlueprintTutorials/BlueprintEditorTutorial.uasset" 254
"../../../Engine/Content/Tutorial/Code/AddingCode.uasset" 255
"../../../Engine/Content/Tutorial/SubEditors/MaterialEditorTutorial.uasset" 256
"../../../Engine/Content/Tutorial/SubEditors/TutorialAssets/TutorialMaterial.uasset" 257
"../../../Engine/Content/VREditor/TransformGizmo/TranslucentTransformGizmoMaterial.uasset" 258
"../../../Engine/Content/VREditor/LaserPointer/VR_LaserPower_01.uasset" 259
"../../../Engine/Content/VREditor/TransformGizmo/TransformGizmoMaterial.uasset" 260
"../../../Engine/Content/VREditor/TransformGizmo/BoundingBoxCorner.uasset" 261
"../../../Engine/Content/VREditor/TransformGizmo/BoundingBoxEdge.uasset" 262
"../../../Engine/Content/VREditor/TransformGizmo/PlaneTranslationHandle.uasset" 263
"../../../Engine/Content/VREditor/TransformGizmo/Xray.uasset" 264
"../../../Engine/Content/VREditor/TransformGizmo/Main.uasset" 265
"../../../Engine/Content/VREditor/TransformGizmo/SM_Sequencer_Key.uasset" 266
"../../../Engine/Content/VREditor/TransformGizmo/SM_Sequencer_Node.uasset" 267
"../../Plugins/2D/Paper2D/Content/PlaceholderTextures/DummySpriteTexture.uasset" 268
"../../Plugins/2D/Paper2D/Content/DummySprite.uasset" 269
"../../Plugins/2D/Paper2D/Content/DefaultPaperTerrainMaterial.uasset" 270
"../../Plugins/2D/Paper2D/Content/DefaultSpriteMaterial.uasset" 271
"../../Plugins/2D/Paper2D/Content/MaskedUnlitSpriteMaterial.uasset" 272
"../../Plugins/2D/Paper2D/Content/OpaqueUnlitSpriteMaterial.uasset" 273
"../../../Engine/Content/Functions/Engine_MaterialFunctions02/Utility/BreakOutFloat3Components.uasset" 274
"../../Plugins/Editor/SpeedTreeImporter/Content/SpeedTree9/UnpackInteger3.uasset" 275
"../../Plugins/Editor/SpeedTreeImporter/Content/SpeedTree9/UnpackDirection.uasset" 276
"../../Plugins/Editor/SpeedTreeImporter/Content/SpeedTree9/game_wind_noise.uasset" 277
"../../../Engine/Content/Functions/Engine_MaterialFunctions02/SafeNormalize.uasset" 278
"../../Plugins/Editor/SpeedTreeImporter/Content/SpeedTree9/SpeedTreeWindMotion.uasset" 279
"../../Plugins/Editor/SpeedTreeImporter/Content/SpeedTree9/SpeedTreeBranchMotion.uasset" 280
"../../../Engine/Content/Functions/Engine_MaterialFunctions02/ObjectLocalBounds.uasset" 281
"../../../Engine/Content/Functions/Engine_MaterialFunctions02/UVs/BoundingBoxBased_0-1_UVW.uasset" 282
"../../Plugins/Editor/SpeedTreeImporter/Content/SpeedTree9/SpeedTreeWind.uasset" 283
"../../Plugins/Editor/SpeedTreeImporter/Content/SpeedTree9/SpeedTreeBillboard.uasset" 284
"../../../Engine/Content/EngineResources/DefaultTexture.uasset" 285
"../../Plugins/Editor/SpeedTreeImporter/Content/SpeedTree9/SpeedTreeBillboardMaster.uasset" 286
"../../Plugins/Editor/SpeedTreeImporter/Content/SpeedTree9/SpeedTreeCameraFacing.uasset" 287
"../../Plugins/Editor/SpeedTreeImporter/Content/SpeedTree9/SpeedTreeMaster.uasset" 288
"../../../Engine/Content/BasicShapes/Cylinder.uasset" 289
"../../../Engine/Content/ArtTools/RenderToTexture/Materials/Debug/M_Emissive_Color.uasset" 290
"../../Plugins/Lumin/MagicLeapPassableWorld/Content/MagicLeapARPinInfoActor.uasset" 291
"../../../Engine/Content/Functions/Engine_MaterialFunctions02/Utility/BreakOutFloat4Components.uasset" 292
"../../../Engine/Content/Functions/Engine_MaterialFunctions02/Utility/MakeFloat3.uasset" 293
"../../Plugins/Runtime/Oculus/OculusVR/Content/Materials/OculusMR_ChromaKey.uasset" 294
"../../Plugins/Runtime/Oculus/OculusVR/Content/Materials/OculusMR_OpaqueColoredMaterial.uasset" 295
"../../Plugins/Runtime/Oculus/OculusVR/Content/Materials/PokeAHoleMaterial.uasset" 296
"../../../Engine/Content/EditorMeshes/ColorCalibrator/M_GreyBall.uasset" 297
"../../../Engine/Content/EditorMeshes/ColorCalibrator/Color_checker.uasset" 298
"../../../Engine/Content/EditorMeshes/ColorCalibrator/M_ColorGrid.uasset" 299
"../../../Engine/Content/EditorMeshes/ColorCalibrator/M_ClearCoatBlack.uasset" 300
"../../../Engine/Content/EditorMeshes/ColorCalibrator/M_ClearCoat.uasset" 301
"../../../Engine/Content/EditorMeshes/ColorCalibrator/M_ChromeBall.uasset" 302
"../../../Engine/Content/EditorMeshes/ColorCalibrator/SM_ColorCalibrator.uasset" 303
"../../../../MyProject/Content/StarterContent/Maps/Advanced_Lighting_BuiltData.uasset" 304
"../../../../MyProject/Content/StarterContent/HDRI/HDRI_Epic_Courtyard_Daylight.uasset" 305
"../../../Engine/Content/MapTemplates/Sky/DaylightAmbientCubemap.uasset" 306
"../../../../MyProject/Content/StarterContent/Blueprints/Assets/M_LightStage_Skybox_Master.uasset" 307
"../../../../MyProject/Content/StarterContent/Blueprints/Assets/M_LightStage_Skybox_HDRI.uasset" 308
"../../../../MyProject/Content/StarterContent/Blueprints/Assets/M_LightStage_Arrows.uasset" 309
"../../../../MyProject/Content/StarterContent/Blueprints/Assets/SM_Arrows.uasset" 310
"../../../Engine/Content/EditorMaterials/Thumbnails/SkySphereMaterial.uasset" 311
"../../../../MyProject/Content/StarterContent/Blueprints/Assets/Skybox.uasset" 312
"../../../../MyProject/Content/StarterContent/Blueprints/Assets/M_LightStage_Skybox_Black.uasset" 313
"../../../../MyProject/Content/StarterContent/Blueprints/Assets/SunlightColorLUT.uasset" 314
"../../../../MyProject/Content/StarterContent/Blueprints/Assets/FogBrightnessLUT.uasset" 315
"../../../../MyProject/Content/StarterContent/Blueprints/BP_LightStudio.uasset" 316
"../../../../MyProject/Content/StarterContent/Materials/M_AssetPlatform.uasset" 317
"../../../../MyProject/Content/StarterContent/Architecture/SM_AssetPlatform.uasset" 318
"../../../../MyProject/Content/StarterContent/Maps/Advanced_Lighting.umap" 319
"../../../../MyProject/Content/StarterContent/Textures/T_TableRound_N.uasset" 320
"../../../../MyProject/Content/StarterContent/Textures/T_TableRound_M.uasset" 321
"../../../../MyProject/Content/StarterContent/Props/Materials/M_TableRound.uasset" 322
"../../../../MyProject/Content/StarterContent/Props/SM_TableRound.uasset" 323
"../../../../MyProject/Content/StarterContent/Textures/T_Statue_N.uasset" 324
"../../../../MyProject/Content/StarterContent/Textures/T_Statue_M.uasset" 325
"../../../../MyProject/Content/StarterContent/Props/Materials/M_Statue.uasset" 326
"../../../../MyProject/Content/StarterContent/Props/Materials/M_StatueGlass.uasset" 327
"../../../../MyProject/Content/StarterContent/Props/SM_Statue.uasset" 328
"../../../../MyProject/Content/StarterContent/Props/SM_Chair.uasset" 329
"../../../../MyProject/Content/StarterContent/Textures/T_Metal_Copper_D.uasset" 330
"../../../../MyProject/Content/StarterContent/Textures/T_Metal_Gold_N.uasset" 331
"../../../../MyProject/Content/StarterContent/Textures/T_MacroVariation.uasset" 332
"../../../../MyProject/Content/StarterContent/Materials/M_Metal_Copper.uasset" 333
"../../../../MyProject/Content/StarterContent/Textures/T_Metal_Aluminum_D.uasset" 334
"../../../../MyProject/Content/StarterContent/Materials/M_Metal_Burnished_Steel.uasset" 335
"../../../../MyProject/Content/StarterContent/Materials/M_Metal_Brushed_Nickel.uasset" 336
"../../../Engine/Content/EngineSky/T_Sky_Stars.uasset" 337
"../../../Engine/Content/EngineSky/T_Sky_Clouds_M.uasset" 338
"../../../Engine/Content/EngineSky/T_Sky_Blue.uasset" 339
"../../../Engine/Content/EngineSky/M_Sky_Panning_Clouds2.uasset" 340
"../../../../MyProject/Content/StarterContent/Maps/Minimal_Default_BuiltData.uasset" 341
"../../../Engine/Content/EngineSky/SM_SkySphere.uasset" 342
"../../../Engine/Content/EngineSky/C_Sky_Zenith_Color.uasset" 343
"../../../Engine/Content/EngineSky/C_Sky_Horizon_Color.uasset" 344
"../../../Engine/Content/EngineSky/C_Sky_Cloud_Color.uasset" 345
"../../../Engine/Content/EngineSky/BP_Sky_Sphere.uasset" 346
"../../../../MyProject/Content/StarterContent/Audio/Starter_Background_Cue.uasset" 347
"../../../../MyProject/Content/StarterContent/Architecture/Floor_400x400.uasset" 348
"../../../../MyProject/Content/StarterContent/Maps/Minimal_Default.umap" 349
"../../../../MyProject/Content/StarterContent/Textures/T_Concrete_Tiles_Variation_M.uasset" 350
"../../../../MyProject/Content/StarterContent/Textures/T_Concrete_Tiles_N.uasset" 351
"../../../../MyProject/Content/StarterContent/Textures/T_Concrete_Tiles_M.uasset" 352
"../../../../MyProject/Content/StarterContent/Textures/T_Concrete_Tiles_D.uasset" 353
"../../../../MyProject/Content/StarterContent/Materials/M_Concrete_Tiles.uasset" 354
"../../../../MyProject/Content/StarterContent/Textures/T_Concrete_Panels_N.uasset" 355
"../../../../MyProject/Content/StarterContent/Textures/T_Concrete_Panels_D.uasset" 356
"../../../../MyProject/Content/StarterContent/Textures/T_Perlin_Noise_M.uasset" 357
"../../../../MyProject/Content/StarterContent/Materials/M_Concrete_Panels.uasset" 358
"../../../../MyProject/Content/StarterContent/Textures/T_Metal_Rust_N.uasset" 359
"../../../../MyProject/Content/StarterContent/Textures/T_Concrete_Grime_D.uasset" 360
"../../../../MyProject/Content/StarterContent/Materials/M_Concrete_Grime.uasset" 361
"../../../../MyProject/Content/StarterContent/Textures/T_CobbleStone_Smooth_N.uasset" 362
"../../../../MyProject/Content/StarterContent/Textures/T_CobbleStone_Smooth_M.uasset" 363
"../../../../MyProject/Content/StarterContent/Textures/T_CobbleStone_Smooth_D.uasset" 364
"../../../../MyProject/Content/StarterContent/Textures/T_Rock_Smooth_Granite_D.uasset" 365
"../../../../MyProject/Content/StarterContent/Textures/T_Gradinet_01.uasset" 366
"../../../../MyProject/Content/StarterContent/Materials/M_CobbleStone_Smooth.uasset" 367
"../../../../MyProject/Content/StarterContent/Textures/T_CobbleStone_Rough_N.uasset" 368
"../../../../MyProject/Content/StarterContent/Textures/T_CobbleStone_Rough_D.uasset" 369
"../../../../MyProject/Content/StarterContent/Materials/M_CobbleStone_Rough.uasset" 370
"../../../../MyProject/Content/StarterContent/Textures/T_CobbleStone_Pebble_N.uasset" 371
"../../../../MyProject/Content/StarterContent/Textures/T_CobbleStone_Pebble_M.uasset" 372
"../../../../MyProject/Content/StarterContent/Textures/T_CobbleStone_Pebble_D.uasset" 373
"../../../../MyProject/Content/StarterContent/Materials/M_CobbleStone_Pebble.uasset" 374
"../../../../MyProject/Content/StarterContent/Textures/T_Rock_Marble_Polished_D.uasset" 375
"../../../../MyProject/Content/StarterContent/Textures/T_Ceramic_Tile_N.uasset" 376
"../../../../MyProject/Content/StarterContent/Textures/T_Ceramic_Tile_M.uasset" 377
"../../../../MyProject/Content/StarterContent/Materials/M_Ceramic_Tile_Checker.uasset" 378
"../../../../MyProject/Content/StarterContent/Textures/T_Brick_Hewn_Stone_N.uasset" 379
"../../../../MyProject/Content/StarterContent/Textures/T_Brick_Hewn_Stone_M.uasset" 380
"../../../../MyProject/Content/StarterContent/Textures/T_Brick_Hewn_Stone_D.uasset" 381
"../../../../MyProject/Content/StarterContent/Materials/M_Brick_Hewn_Stone.uasset" 382
"../../../../MyProject/Content/StarterContent/Textures/T_Brick_Cut_Stone_N.uasset" 383
"../../../../MyProject/Content/StarterContent/Textures/T_Brick_Cut_Stone_D.uasset" 384
"../../../../MyProject/Content/StarterContent/Materials/M_Brick_Cut_Stone.uasset" 385
"../../../../MyProject/Content/StarterContent/Textures/T_Brick_Clay_Old_N.uasset" 386
"../../../../MyProject/Content/StarterContent/Textures/T_Brick_Clay_Old_D.uasset" 387
"../../../../MyProject/Content/StarterContent/Materials/M_Brick_Clay_Old.uasset" 388
"../../../../MyProject/Content/StarterContent/Textures/T_Brick_Clay_New_N.uasset" 389
"../../../../MyProject/Content/StarterContent/Textures/T_Brick_Clay_New_M.uasset" 390
"../../../../MyProject/Content/StarterContent/Textures/T_Brick_Clay_New_D.uasset" 391
"../../../../MyProject/Content/StarterContent/Materials/M_Brick_Clay_New.uasset" 392
"../../../../MyProject/Content/StarterContent/Textures/T_Brick_Clay_Beveled_N.uasset" 393
"../../../../MyProject/Content/StarterContent/Textures/T_Brick_Clay_Beveled_M.uasset" 394
"../../../../MyProject/Content/StarterContent/Textures/T_Brick_Clay_Beveled_D.uasset" 395
"../../../../MyProject/Content/StarterContent/Materials/M_Brick_Clay_Beveled.uasset" 396
"../../../Engine/Content/Functions/Engine_MaterialFunctions03/Procedurals/ComputeFilterWidth.uasset" 397
"../../../Engine/Content/EngineMaterials/AntiAliasedTextMaterialTranslucent.uasset" 398
"../../../../MyProject/Content/StarterContent/Maps/StarterMap_BuiltData.uasset" 399
"../../../../MyProject/Content/StarterContent/Textures/T_Concrete_Poured_N.uasset" 400
"../../../../MyProject/Content/StarterContent/Textures/T_Concrete_Poured_D.uasset" 401
"../../../../MyProject/Content/StarterContent/Materials/M_Concrete_Poured.uasset" 402
"../../../../MyProject/Content/StarterContent/Textures/T_Lamp_N.uasset" 403
"../../../../MyProject/Content/StarterContent/Textures/T_Lamp_M.uasset" 404
"../../../../MyProject/Content/StarterContent/Props/Materials/M_Lamp.uasset" 405
"../../../../MyProject/Content/StarterContent/Props/SM_Lamp_Wall.uasset" 406
"../../../../MyProject/Content/StarterContent/Blueprints/Blueprint_WallSconce.uasset" 407
"../../../../MyProject/Content/StarterContent/Particles/P_Steam_Lit.uasset" 408
"../../../../MyProject/Content/StarterContent/Audio/Steam01_Cue.uasset" 409
"../../../../MyProject/Content/StarterContent/Blueprints/Blueprint_Effect_Steam.uasset" 410
"../../../../MyProject/Content/StarterContent/Particles/P_Sparks.uasset" 411
"../../../../MyProject/Content/StarterContent/Audio/Fire_Sparks01_Cue.uasset" 412
"../../../../MyProject/Content/StarterContent/Blueprints/Blueprint_Effect_Sparks.uasset" 413
"../../../../MyProject/Content/StarterContent/Particles/P_Smoke.uasset" 414
"../../../../MyProject/Content/StarterContent/Audio/Smoke01_Cue.uasset" 415
"../../../../MyProject/Content/StarterContent/Blueprints/Blueprint_Effect_Smoke.uasset" 416
"../../../../MyProject/Content/StarterContent/Particles/P_Fire.uasset" 417
"../../../../MyProject/Content/StarterContent/Audio/Fire01_Cue.uasset" 418
"../../../../MyProject/Content/StarterContent/Blueprints/Blueprint_Effect_Fire.uasset" 419
"../../../../MyProject/Content/StarterContent/Props/SM_Lamp_Ceiling.uasset" 420
"../../../../MyProject/Content/StarterContent/Blueprints/Blueprint_CeilingLight.uasset" 421
"../../../../MyProject/Content/StarterContent/Audio/Starter_Music_Cue.uasset" 422
"../../../../MyProject/Content/StarterContent/Shapes/Shape_Sphere.uasset" 423
"../../../../MyProject/Content/StarterContent/Shapes/Shape_QuadPyramid.uasset" 424
"../../../../MyProject/Content/StarterContent/Shapes/Shape_Cube.uasset" 425
"../../../../MyProject/Content/StarterContent/Textures/T_Frame_N.uasset" 426
"../../../../MyProject/Content/StarterContent/Textures/T_Frame_M.uasset" 427
"../../../../MyProject/Content/StarterContent/Props/Materials/M_Frame.uasset" 428
"../../../../MyProject/Content/StarterContent/Props/SM_WindowFrame.uasset" 429
"../../../../MyProject/Content/StarterContent/Props/SM_PillarFrame300.uasset" 430
"../../../../MyProject/Content/StarterContent/Props/SM_PillarFrame.uasset" 431
"../../../../MyProject/Content/StarterContent/Props/SM_GlassWindow.uasset" 432
"../../../../MyProject/Content/StarterContent/Props/SM_DoorFrame.uasset" 433
"../../../../MyProject/Content/StarterContent/Props/SM_CornerFrame.uasset" 434
"../../../../MyProject/Content/StarterContent/Props/MaterialSphere.uasset" 435
"../../../../MyProject/Content/StarterContent/Textures/T_Dust_Particle_D.uasset" 436
"../../../../MyProject/Content/StarterContent/Particles/Materials/M_Dust_Particle.uasset" 437
"../../../../MyProject/Content/StarterContent/Particles/P_Ambient_Dust.uasset" 438
"../../../../MyProject/Content/StarterContent/Textures/T_Wood_Walnut_N.uasset" 439
"../../../../MyProject/Content/StarterContent/Textures/T_Wood_Walnut_D.uasset" 440
"../../../../MyProject/Content/StarterContent/Materials/M_Wood_Walnut.uasset" 441
"../../../../MyProject/Content/StarterContent/Textures/T_Wood_Pine_N.uasset" 442
"../../../../MyProject/Content/StarterContent/Textures/T_Wood_Pine_D.uasset" 443
"../../../../MyProject/Content/StarterContent/Materials/M_Wood_Pine.uasset" 444
"../../../../MyProject/Content/StarterContent/Textures/T_Wood_Oak_N.uasset" 445
"../../../../MyProject/Content/StarterContent/Textures/T_Wood_Oak_D.uasset" 446
"../../../../MyProject/Content/StarterContent/Materials/M_Wood_Oak.uasset" 447
"../../../Engine/Content/Functions/Engine_MaterialFunctions01/Opacity/AlphaOffset.uasset" 448
"../../../../MyProject/Content/StarterContent/Textures/T_Wood_Floor_Walnut_N.uasset" 449
"../../../../MyProject/Content/StarterContent/Textures/T_Wood_Floor_Walnut_M.uasset" 450
"../../../../MyProject/Content/StarterContent/Textures/T_Wood_Floor_Walnut_D.uasset" 451
"../../../../MyProject/Content/StarterContent/Materials/M_Wood_Floor_Walnut_Worn.uasset" 452
"../../../../MyProject/Content/StarterContent/Materials/M_Wood_Floor_Walnut_Polished.uasset" 453
"../../../../MyProject/Content/StarterContent/Textures/T_Water_M.uasset" 454
"../../../../MyProject/Content/StarterContent/Materials/M_Water_Ocean.uasset" 455
"../../../../MyProject/Content/StarterContent/Materials/M_Water_Lake.uasset" 456
"../../../../MyProject/Content/StarterContent/Textures/T_Tech_Panel_N.uasset" 457
"../../../../MyProject/Content/StarterContent/Textures/T_Tech_Panel_M.uasset" 458
"../../../../MyProject/Content/StarterContent/Textures/T_Metal_Steel_D.uasset" 459
"../../../../MyProject/Content/StarterContent/Materials/M_Tech_Panel.uasset" 460
"../../../../MyProject/Content/StarterContent/Textures/T_Tech_Hex_Tile_N.uasset" 461
"../../../../MyProject/Content/StarterContent/Textures/T_Tech_Hex_Tile_M.uasset" 462
"../../../../MyProject/Content/StarterContent/Materials/M_Tech_Hex_Tile_Pulse.uasset" 463
"../../../../MyProject/Content/StarterContent/Materials/M_Tech_Hex_Tile.uasset" 464
"../../../../MyProject/Content/StarterContent/Textures/T_Tech_Dot_N.uasset" 465
"../../../../MyProject/Content/StarterContent/Textures/T_Tech_Dot_M.uasset" 466
"../../../../MyProject/Content/StarterContent/Textures/T_Single_Tile_N.uasset" 467
"../../../../MyProject/Content/StarterContent/Textures/T_Checker_Noise_M.uasset" 468
"../../../../MyProject/Content/StarterContent/Materials/M_Tech_Checker_Dot.uasset" 469
"../../../../MyProject/Content/StarterContent/Textures/T_Rock_Slate_N.uasset" 470
"../../../../MyProject/Content/StarterContent/Textures/T_Rock_Slate_D.uasset" 471
"../../../../MyProject/Content/StarterContent/Materials/M_Rock_Slate.uasset" 472
"../../../../MyProject/Content/StarterContent/Textures/T_Rock_Sandstone_N.uasset" 473
"../../../../MyProject/Content/StarterContent/Textures/T_Rock_Sandstone_D.uasset" 474
"../../../../MyProject/Content/StarterContent/Materials/M_Rock_Sandstone.uasset" 475
"../../../../MyProject/Content/StarterContent/Materials/M_Rock_Marble_Polished.uasset" 476
"../../../../MyProject/Content/StarterContent/Textures/T_Rock_Basalt_N.uasset" 477
"../../../../MyProject/Content/StarterContent/Materials/M_Rock_Basalt.uasset" 478
"../../../../MyProject/Content/StarterContent/Textures/T_Metal_Steel_N.uasset" 479
"../../../../MyProject/Content/StarterContent/Materials/M_Metal_Steel.uasset" 480
"../../../../MyProject/Content/StarterContent/Textures/T_Metal_Rust_D.uasset" 481
"../../../../MyProject/Content/StarterContent/Materials/M_Metal_Rust.uasset" 482
"../../../../MyProject/Content/StarterContent/Textures/T_Metal_Gold_D.uasset" 483
"../../../../MyProject/Content/StarterContent/Materials/M_Metal_Gold.uasset" 484
"../../../../MyProject/Content/StarterContent/Materials/M_Metal_Chrome.uasset" 485
"../../../../MyProject/Content/StarterContent/Textures/T_Ground_Moss_N.uasset" 486
"../../../../MyProject/Content/StarterContent/Textures/T_ground_Moss_D.uasset" 487
"../../../../MyProject/Content/StarterContent/Materials/M_Ground_Moss.uasset" 488
"../../../../MyProject/Content/StarterContent/Textures/T_Ground_Gravel_N.uasset" 489
"../../../../MyProject/Content/StarterContent/Textures/T_Ground_Gravel_D.uasset" 490
"../../../../MyProject/Content/StarterContent/Materials/M_Ground_Gravel.uasset" 491
"../../../../MyProject/Content/StarterContent/Textures/T_Ground_Grass_N.uasset" 492
"../../../../MyProject/Content/StarterContent/Textures/T_Ground_Grass_D.uasset" 493
"../../../../MyProject/Content/StarterContent/Materials/M_Ground_Grass.uasset" 494
"../../../../MyProject/Content/StarterContent/Architecture/Wall_400x200.uasset" 495
"../../../../MyProject/Content/StarterContent/Architecture/Wall_Door_400x300.uasset" 496
"../../../../MyProject/Content/StarterContent/Architecture/Wall_Window_400x300.uasset" 497
"../../../../MyProject/Content/StarterContent/Audio/Collapse_Cue.uasset" 498
"../../../../MyProject/Content/StarterContent/Maps/StarterMap.umap" 499
"../../../Engine/Content/BasicShapes/Sphere.uasset" 500
"../../../Engine/Content/BasicShapes/Cube.uasset" 501
"../../../../MyProject/Content/FirstPersonBP/Blueprints/Starter_Birds01.uasset" 502
"../../../Engine/Content/BasicShapes/BasicShapeMaterial.uasset" 503
"../../../../MyProject/Content/StarterContent/Particles/Materials/M_radial_ramp.uasset" 504
"../../../../MyProject/Content/StarterContent/Particles/Materials/m_flare_01.uasset" 505
"../../../../MyProject/Content/StarterContent/Textures/T_Explosion_SubUV.uasset" 506
"../../../../MyProject/Content/StarterContent/Particles/Materials/M_explosion_subUV.uasset" 507
"../../../../MyProject/Content/StarterContent/Textures/T_Burst_M.uasset" 508
"../../../../MyProject/Content/StarterContent/Particles/Materials/M_Burst.uasset" 509
"../../../../MyProject/Content/StarterContent/Particles/P_Explosion.uasset" 510
"../../../../MyProject/Content/StarterContent/Audio/Explosion_Cue.uasset" 511
"../../../../MyProject/Content/StarterContent/Blueprints/Blueprint_Effect_Explosion.uasset" 512
"../../../Engine/Content/EngineMaterials/OrientParticle.uasset" 513
"../../../Engine/Content/EngineMaterials/DefaultParticle.uasset" 514
"../../../../MyProject/Content/FirstPersonBP/Blueprints/Cube1.uasset" 515
"../../../../MyProject/Content/FirstPersonBP/Blueprints/Move2.uasset" 516
"../../../../MyProject/Content/FirstPersonBP/Blueprints/Move3.uasset" 517
"../../../../MyProject/Content/FirstPersonBP/Blueprints/Move1.uasset" 518
"../../../../MyProject/Content/FirstPersonBP/Effects/P_Explosion.uasset" 519
"../../../../MyProject/Content/FirstPersonBP/Blueprints/BUSummon.uasset" 520
"../../../../MyProject/Content/FirstPersonBP/Blueprints/Button.uasset" 521
"../../../../MyProject/Content/FirstPerson/Textures/FirstPersonCrosshair.uasset" 522
"../../../../MyProject/Content/FirstPersonBP/Blueprints/FirstPersonHUD.uasset" 523
"../../../../MyProject/Content/FirstPerson/Audio/FirstPersonTemplateWeaponFire02.uasset" 524
"../../../../MyProject/Content/FirstPerson/Animations/FirstPerson_Fire.uasset" 525
"../../../../MyProject/Content/FirstPerson/Animations/FirstPersonFire_Montage.uasset" 526
"../../../Engine/Content/Functions/MaterialLayerFunctions/MatLayerBlend_NormalBlend.uasset" 527
"../../../Engine/Content/Functions/MaterialLayerFunctions/MatLayerBlend_Simple.uasset" 528
"../../../../MyProject/Content/FirstPerson/Character/Materials/MaterialLayers/T_ML_Rubber_Blue_01_D.uasset" 529
"../../../../MyProject/Content/FirstPerson/Character/Materials/MaterialLayers/T_ML_Rubber_Blue_01_N.uasset" 530
"../../../../MyProject/Content/FirstPerson/Character/Materials/MaterialLayers/ML_GlossyBlack_Latex_UE4.uasset" 531
"../../../../MyProject/Content/FirstPerson/Character/Materials/MaterialLayers/ML_Plastic_Shiny_Beige.uasset" 532
"../../../../MyProject/Content/FirstPerson/Character/Materials/MaterialLayers/ML_Plastic_Shiny_Beige_LOGO.uasset" 533
"../../../../MyProject/Content/FirstPerson/Character/Materials/MaterialLayers/T_ML_Aluminum01.uasset" 534
"../../../../MyProject/Content/FirstPerson/Character/Materials/MaterialLayers/T_ML_Aluminum01_N.uasset" 535
"../../../../MyProject/Content/FirstPerson/Character/Materials/MaterialLayers/ML_SoftMetal_UE4.uasset" 536
"../../../../MyProject/Content/FirstPerson/Character/Textures/UE4_Mannequin__normals.uasset" 537
"../../../../MyProject/Content/FirstPerson/Character/Textures/UE4_Mannequin_MAT_MASKA.uasset" 538
"../../../../MyProject/Content/FirstPerson/Character/Materials/M_UE4Man_Body.uasset" 539
"../../../../MyProject/Content/FirstPerson/Character/Mesh/SK_Mannequin_Arms_PhysicsAsset.uasset" 540
"../../../../MyProject/Content/FirstPerson/Character/Mesh/SK_Mannequin_Arms.uasset" 541
"../../../../MyProject/Content/FirstPerson/FPWeapon/Materials/MaterialLayers/T_ML_Rubber_Blue_01_D.uasset" 542
"../../../../MyProject/Content/FirstPerson/FPWeapon/Materials/MaterialLayers/T_ML_Rubber_Blue_01_N.uasset" 543
"../../../../MyProject/Content/FirstPerson/FPWeapon/Materials/MaterialLayers/ML_GlossyBlack_Latex_UE4.uasset" 544
"../../../../MyProject/Content/FirstPerson/FPWeapon/Materials/MaterialLayers/ML_Plastic_Shiny_Beige.uasset" 545
"../../../../MyProject/Content/FirstPerson/FPWeapon/Materials/MaterialLayers/ML_Screen.uasset" 546
"../../../../MyProject/Content/FirstPerson/FPWeapon/Materials/MaterialLayers/T_ML_Aluminum01.uasset" 547
"../../../../MyProject/Content/FirstPerson/FPWeapon/Materials/MaterialLayers/T_ML_Aluminum01_N.uasset" 548
"../../../../MyProject/Content/FirstPerson/FPWeapon/Materials/MaterialLayers/ML_SoftMetal_UE4.uasset" 549
"../../../../MyProject/Content/FirstPerson/FPWeapon/Textures/T_FPGun_M.uasset" 550
"../../../../MyProject/Content/FirstPerson/FPWeapon/Textures/T_FPGun_N.uasset" 551
"../../../../MyProject/Content/FirstPerson/FPWeapon/Materials/M_FPGun.uasset" 552
"../../../../MyProject/Content/FirstPerson/FPWeapon/Mesh/SK_FPGun_Skeleton.uasset" 553
"../../../../MyProject/Content/FirstPerson/FPWeapon/Mesh/SK_FPGun.uasset" 554
"../../../../MyProject/Content/FirstPerson/Meshes/FirstPersonProjectileMaterial.uasset" 555
"../../../../MyProject/Content/FirstPerson/Meshes/FirstPersonProjectileMesh.uasset" 556
"../../../../MyProject/Content/FirstPersonBP/Blueprints/FirstPersonProjectile.uasset" 557
"../../../../MyProject/Content/FirstPersonBP/Blueprints/FirstPersonCharacter.uasset" 558
"../../../../MyProject/Content/FirstPersonBP/Blueprints/FirstPersonGameMode.uasset" 559
"../../../../MyProject/Content/FirstPersonBP/Maps/FirstPersonExampleMap_BuiltData.uasset" 560
"../../../../MyProject/Content/Geometry/Meshes/1M_Cube.uasset" 561
"../../../../MyProject/Content/FirstPersonBP/Maps/FirstPersonExampleMap.umap" 562
"../../../Engine/Content/Maps/Entry_BuiltData.uasset" 563
"../../../Engine/Content/Maps/Entry.umap" 564
